<?xml version="1.0" encoding="UTF-8"?>
<!-- Generated by org.testng.reporters.JUnitReportReporter -->
<testsuite hostname="Gonis-MacBook-Pro.local" name="com.biodata.labguru.tests.home.RecentResultsTest" tests="6" failures="0" timestamp="7 Feb 2016 13:38:42 GMT" time="1961.979" errors="0">
  <testcase name="startNewProtocolFromDropdown" time="275.636" classname="com.biodata.labguru.tests.home.RecentResultsTest"/>
  <testcase name="showMenu" time="260.706" classname="com.biodata.labguru.tests.home.RecentResultsTest"/>
  <testcase name="startNewExperimentFromProtocolFromDropdown" time="590.233" classname="com.biodata.labguru.tests.home.RecentResultsTest"/>
  <testcase name="startNewDocumentFromDropdown" time="279.213" classname="com.biodata.labguru.tests.home.RecentResultsTest"/>
  <testcase name="startNewProjectFromDropdown" time="271.775" classname="com.biodata.labguru.tests.home.RecentResultsTest"/>
  <testcase name="addNewExperiment" time="284.416" classname="com.biodata.labguru.tests.home.RecentResultsTest"/>
</testsuite> <!-- com.biodata.labguru.tests.home.RecentResultsTest -->
