<?xml version="1.0" encoding="UTF-8"?>
<!-- Generated by org.testng.reporters.JUnitReportReporter -->
<testsuite hostname="Gonis-MacBook-Pro.local" name="com.biodata.labguru.tests.storage.StocksTest" tests="2" failures="0" timestamp="3 Feb 2016 09:32:54 GMT" time="212.036" errors="0">
  <testcase name="showMenu" time="37.488" classname="com.biodata.labguru.tests.storage.StocksTest"/>
  <testcase name="editStock" time="174.548" classname="com.biodata.labguru.tests.storage.StocksTest"/>
</testsuite> <!-- com.biodata.labguru.tests.storage.StocksTest -->
