<?xml version="1.0" encoding="UTF-8"?>
<!-- Generated by org.testng.reporters.JUnitReportReporter -->
<testsuite hostname="Gonis-MacBook-Pro.local" name="com.biodata.labguru.tests.home.DashboardTest" tests="10" failures="0" timestamp="7 Feb 2016 13:38:42 GMT" time="5505.220" errors="0">
  <testcase name="addTask" time="437.948" classname="com.biodata.labguru.tests.home.DashboardTest"/>
  <testcase name="startNewExperimentFromProtocolFromDropdown" time="723.114" classname="com.biodata.labguru.tests.home.DashboardTest"/>
  <testcase name="deleteTask" time="523.839" classname="com.biodata.labguru.tests.home.DashboardTest"/>
  <testcase name="showRecentlyViewed" time="720.415" classname="com.biodata.labguru.tests.home.DashboardTest"/>
  <testcase name="checkElasticSearch" time="730.293" classname="com.biodata.labguru.tests.home.DashboardTest"/>
  <testcase name="showMenu" time="345.221" classname="com.biodata.labguru.tests.home.DashboardTest"/>
  <testcase name="startNewProjectFromDropdown" time="351.734" classname="com.biodata.labguru.tests.home.DashboardTest"/>
  <testcase name="addExperimentFromDashboard" time="357.299" classname="com.biodata.labguru.tests.home.DashboardTest"/>
  <testcase name="inviteMembers" time="964.072" classname="com.biodata.labguru.tests.home.DashboardTest"/>
  <testcase name="startNewDocumentFromDropdown" time="351.285" classname="com.biodata.labguru.tests.home.DashboardTest"/>
</testsuite> <!-- com.biodata.labguru.tests.home.DashboardTest -->
