<?xml version="1.0" encoding="UTF-8"?>
<!-- Generated by org.testng.reporters.JUnitReportReporter -->
<testsuite hostname="Gonis-MacBook-Pro.local" name="com.biodata.labguru.tests.enotebook.ProjectTest" tests="10" failures="0" timestamp="8 Feb 2016 09:21:46 GMT" time="4273.169" errors="0">
  <testcase name="addProject" time="358.961" classname="com.biodata.labguru.tests.enotebook.ProjectTest"/>
  <testcase name="addLinkedResource" time="814.702" classname="com.biodata.labguru.tests.enotebook.ProjectTest"/>
  <testcase name="uploadFile" time="365.788" classname="com.biodata.labguru.tests.enotebook.ProjectTest"/>
  <testcase name="uploadFile" time="361.404" classname="com.biodata.labguru.tests.enotebook.ProjectTest"/>
  <testcase name="addNewExperiment" time="363.258" classname="com.biodata.labguru.tests.enotebook.ProjectTest"/>
  <testcase name="uploadImage" time="459.655" classname="com.biodata.labguru.tests.enotebook.ProjectTest"/>
  <testcase name="addTask" time="439.341" classname="com.biodata.labguru.tests.enotebook.ProjectTest"/>
  <testcase name="uploadFile" time="390.431" classname="com.biodata.labguru.tests.enotebook.ProjectTest"/>
  <testcase name="showMenu" time="348.208" classname="com.biodata.labguru.tests.enotebook.ProjectTest"/>
  <testcase name="addFolder" time="371.421" classname="com.biodata.labguru.tests.enotebook.ProjectTest"/>
</testsuite> <!-- com.biodata.labguru.tests.enotebook.ProjectTest -->
