<?xml version="1.0" encoding="UTF-8"?>
<!-- Generated by org.testng.reporters.JUnitReportReporter -->
<testsuite hostname="Gonis-MacBook-Pro.local" name="com.biodata.labguru.tests.home.CalendarTest" tests="4" failures="0" timestamp="4 Feb 2016 14:36:34 GMT" time="1619.531" errors="0">
  <testcase name="addNewEventFromCalenderBoard" time="451.744" classname="com.biodata.labguru.tests.home.CalendarTest"/>
  <testcase name="showMenu" time="350.887" classname="com.biodata.labguru.tests.home.CalendarTest"/>
  <testcase name="addNewEvent" time="446.941" classname="com.biodata.labguru.tests.home.CalendarTest"/>
  <testcase name="addNewExperimentFromCalenderBoard" time="369.959" classname="com.biodata.labguru.tests.home.CalendarTest"/>
</testsuite> <!-- com.biodata.labguru.tests.home.CalendarTest -->
