<?xml version="1.0" encoding="UTF-8"?>
<!-- Generated by org.testng.reporters.JUnitReportReporter -->
<testsuite hostname="Gonis-MacBook-Pro.local" name="com.biodata.labguru.tests.storage.StoragesTest" tests="2" failures="0" timestamp="3 Feb 2016 10:59:38 GMT" time="402.879" errors="0">
  <testcase name="addNewStorage" time="217.071" classname="com.biodata.labguru.tests.storage.StoragesTest"/>
  <testcase name="showMenu" time="185.808" classname="com.biodata.labguru.tests.storage.StoragesTest"/>
</testsuite> <!-- com.biodata.labguru.tests.storage.StoragesTest -->
