<?xml version="1.0" encoding="UTF-8"?>
<!-- Generated by org.testng.reporters.JUnitReportReporter -->
<testsuite hostname="Gonis-MacBook-Pro.local" name="com.biodata.labguru.tests.storage.CryogenicCanesTest" tests="3" failures="0" timestamp="1 Feb 2016 08:49:36 GMT" time="182.421" errors="0">
  <testcase name="addNewCryogenicCaneDefaultContent" time="59.094" classname="com.biodata.labguru.tests.storage.CryogenicCanesTest"/>
  <testcase name="showMenu" time="34.492" classname="com.biodata.labguru.tests.storage.CryogenicCanesTest"/>
  <testcase name="editCryoFromShowPage" time="88.835" classname="com.biodata.labguru.tests.storage.CryogenicCanesTest"/>
</testsuite> <!-- com.biodata.labguru.tests.storage.CryogenicCanesTest -->
