<?xml version="1.0" encoding="UTF-8"?>
<!-- Generated by org.testng.reporters.JUnitReportReporter -->
<testsuite hostname="Gonis-MacBook-Pro.local" name="com.biodata.labguru.tests.home.LabActivitiesTest" tests="4" failures="0" timestamp="7 Feb 2016 13:38:42 GMT" time="1570.471" errors="0">
  <testcase name="showMenu" time="352.694" classname="com.biodata.labguru.tests.home.LabActivitiesTest"/>
  <testcase name="goToSpecificPost" time="375.139" classname="com.biodata.labguru.tests.home.LabActivitiesTest"/>
  <testcase name="addWhiteBoardPost" time="368.859" classname="com.biodata.labguru.tests.home.LabActivitiesTest"/>
  <testcase name="deleteWhiteBoardPost" time="473.779" classname="com.biodata.labguru.tests.home.LabActivitiesTest"/>
</testsuite> <!-- com.biodata.labguru.tests.home.LabActivitiesTest -->
