<?xml version="1.0" encoding="UTF-8"?>
<!-- Generated by org.testng.reporters.JUnitReportReporter -->
<testsuite hostname="Gonis-MacBook-Pro.local" name="com.biodata.labguru.tests.knowledgebase.PapersTest" tests="1" failures="0" timestamp="8 Feb 2016 09:21:46 GMT" time="352.104" errors="0">
  <testcase name="showMenu" time="352.104" classname="com.biodata.labguru.tests.knowledgebase.PapersTest"/>
</testsuite> <!-- com.biodata.labguru.tests.knowledgebase.PapersTest -->
