<?xml version="1.0" encoding="UTF-8"?>
<!-- Generated by org.testng.reporters.JUnitReportReporter -->
<testsuite hostname="Gonis-MacBook-Pro.local" name="com.biodata.labguru.tests.inventory.ShoppingListTest" tests="5" failures="0" timestamp="3 Feb 2016 07:52:31 GMT" time="490.562" errors="0">
  <testcase name="addNewServiceRequest" time="45.497" classname="com.biodata.labguru.tests.inventory.ShoppingListTest"/>
  <testcase name="markOrderAsArrived" time="66.573" classname="com.biodata.labguru.tests.inventory.ShoppingListTest"/>
  <testcase name="approveAndSubmitOrder" time="35.579" classname="com.biodata.labguru.tests.inventory.ShoppingListTest"/>
  <testcase name="markOrderAsArrivedInGridlessBox" time="309.293" classname="com.biodata.labguru.tests.inventory.ShoppingListTest"/>
  <testcase name="approveOrder" time="33.620" classname="com.biodata.labguru.tests.inventory.ShoppingListTest"/>
</testsuite> <!-- com.biodata.labguru.tests.inventory.ShoppingListTest -->
